<?xml version="1.0" encoding="UTF-8"?>
<!-- Generated by org.testng.reporters.JUnitReportReporter -->
<testsuite skipped="0" hostname="LAPTOP-OF8QKMNN" name="selenium_testcases.sears_login" tests="2" failures="0" timestamp="2019-08-27T08:12:54 IST" time="126.819" errors="0">
  <testcase name="navigatingToOrders" time="65.530" classname="selenium_testcases.sears_login"/>
  <testcase name="navigatingToOverview" time="61.289" classname="selenium_testcases.sears_login"/>
</testsuite> <!-- selenium_testcases.sears_login -->
