<?xml version="1.0" encoding="UTF-8"?>
<!-- Generated by org.testng.reporters.JUnitReportReporter -->
<testsuite skipped="0" hostname="LAPTOP-OF8QKMNN" name="selenium_testcases.sears_orders" tests="2" failures="0" timestamp="2019-09-12T20:07:54 IST" time="117.054" errors="0">
  <testcase name="sears_orders_page" time="61.978" classname="selenium_testcases.sears_orders"/>
  <testcase name="sears_orders_overview_page" time="55.076" classname="selenium_testcases.sears_orders"/>
</testsuite> <!-- selenium_testcases.sears_orders -->
