<?xml version="1.0" encoding="UTF-8"?>
<!-- Generated by org.testng.reporters.JUnitReportReporter -->
<testsuite skipped="0" hostname="LAPTOP-OF8QKMNN" name="selenium_testcases.sears_overview" tests="2" failures="0" timestamp="2019-09-12T20:07:54 IST" time="128.033" errors="0">
  <testcase name="sears_overview_page" time="66.289" classname="selenium_testcases.sears_overview"/>
  <testcase name="sears_overview_orders_page" time="61.744" classname="selenium_testcases.sears_overview"/>
</testsuite> <!-- selenium_testcases.sears_overview -->
