<?xml version="1.0" encoding="UTF-8"?>
<!-- Generated by org.testng.reporters.JUnitReportReporter -->
<testsuite skipped="0" hostname="LAPTOP-OF8QKMNN" name="selenium_testcases.sears_overview" tests="2" failures="0" timestamp="2019-09-01T13:49:09 IST" time="177.605" errors="0">
  <testcase name="sears_overview_orders_page" time="68.849" classname="selenium_testcases.sears_overview"/>
  <testcase name="sears_overview_page" time="108.756" classname="selenium_testcases.sears_overview"/>
</testsuite> <!-- selenium_testcases.sears_overview -->
